<?xml version="1.0" encoding="UTF-8"?>
<!-- Generated by org.testng.reporters.JUnitReportReporter -->
<testsuite hostname="DESKTOP-UFVBSJA" failures="0" tests="1" name="com.testScript.Testing" time="46.208" errors="0" timestamp="2021-07-21T13:46:51 IST" skipped="0">
  <testcase classname="com.testScript.Testing" name="CreateContactCRM" time="46.208"/>
  <system-out/>
</testsuite> <!-- com.testScript.Testing -->
